#
# There is insufficient memory for the Java Runtime Environment to continue.
# Native memory allocation (malloc) failed to allocate 2342224 bytes. Error detail: Chunk::new
# Possible reasons:
#   The system is out of physical RAM or swap space
#   This process is running with CompressedOops enabled, and the Java Heap may be blocking the growth of the native heap
# Possible solutions:
#   Reduce memory load on the system
#   Increase physical memory or swap space
#   Check if swap backing store is full
#   Decrease Java heap size (-Xmx/-Xms)
#   Decrease number of Java threads
#   Decrease Java thread stack sizes (-Xss)
#   Set larger code cache with -XX:ReservedCodeCacheSize=
#   JVM is running with Unscaled Compressed Oops mode in which the Java heap is
#     placed in the first 4GB address space. The Java Heap base address is the
#     maximum limit for the native heap growth. Please use -XX:HeapBaseMinAddress
#     to set the Java Heap base and to place the Java Heap above 4GB virtual address.
# This output file may be truncated or incomplete.
#
#  Out of Memory Error (arena.cpp:168), pid=18884, tid=44172
#
# JRE version: OpenJDK Runtime Environment Temurin-21.0.8+9 (21.0.8+9) (build 21.0.8+9-LTS)
# Java VM: OpenJDK 64-Bit Server VM Temurin-21.0.8+9 (21.0.8+9-LTS, mixed mode, sharing, tiered, compressed oops, compressed class ptrs, parallel gc, windows-amd64)
# No core dump will be written. Minidumps are not enabled by default on client versions of Windows
#

---------------  S U M M A R Y ------------

Command Line: --add-modules=ALL-SYSTEM --add-opens=java.base/java.util=ALL-UNNAMED --add-opens=java.base/java.lang=ALL-UNNAMED --add-opens=java.base/sun.nio.fs=ALL-UNNAMED -Declipse.application=org.eclipse.jdt.ls.core.id1 -Dosgi.bundles.defaultStartLevel=4 -Declipse.product=org.eclipse.jdt.ls.core.product -Djava.import.generatesMetadataFilesAtProjectRoot=false -DDetectVMInstallationsJob.disabled=true -Dfile.encoding=utf8 -XX:+UseParallelGC -XX:GCTimeRatio=4 -XX:AdaptiveSizePolicyWeight=90 -Dsun.zip.disableMemoryMapping=true -Xmx2G -Xms100m -Xlog:disable -javaagent:c:\Users\Robert\.vscode\extensions\redhat.java-1.47.0-win32-x64\lombok\lombok-1.18.39-4050.jar -XX:+HeapDumpOnOutOfMemoryError -XX:HeapDumpPath=c:\Users\Robert\AppData\Roaming\Code\User\workspaceStorage\d8c645d83cc7503eccbaafa03610078f\redhat.java -Daether.dependencyCollector.impl=bf c:\Users\Robert\.vscode\extensions\redhat.java-1.47.0-win32-x64\server\plugins\org.eclipse.equinox.launcher_1.7.100.v20251014-1222.jar -configuration c:\Users\Robert\AppData\Roaming\Code\User\globalStorage\redhat.java\1.47.0\config_win -data c:\Users\Robert\AppData\Roaming\Code\User\workspaceStorage\d8c645d83cc7503eccbaafa03610078f\redhat.java\jdt_ws --pipe=\\.\pipe\lsp-bcff5575cad832d552f20b6bc2311bdd-sock

Host: 13th Gen Intel(R) Core(TM) i5-13420H, 12 cores, 7G,  Windows 11 , 64 bit Build 26100 (10.0.26100.6725)
Time: Thu Nov 13 03:15:31 2025 Malay Peninsula Standard Time elapsed time: 61.989819 seconds (0d 0h 1m 1s)

---------------  T H R E A D  ---------------

Current thread (0x000002368264d5d0):  JavaThread "C2 CompilerThread0" daemon [_thread_in_native, id=44172, stack(0x000000c1d9400000,0x000000c1d9500000) (1024K)]


Current CompileTask:
C2:61989 3858       4       org.lombokweb.asm.ClassReader::readMethod (1070 bytes)

Stack: [0x000000c1d9400000,0x000000c1d9500000]
Native frames: (J=compiled Java code, j=interpreted, Vv=VM code, C=native code)
V  [jvm.dll+0x6d2449]
V  [jvm.dll+0x8ae341]
V  [jvm.dll+0x8b08be]
V  [jvm.dll+0x8b0fa3]
V  [jvm.dll+0x280c96]
V  [jvm.dll+0xc581d]
V  [jvm.dll+0xc5d53]
V  [jvm.dll+0x3b919c]
V  [jvm.dll+0x1e1409]
V  [jvm.dll+0x249022]
V  [jvm.dll+0x2484af]
V  [jvm.dll+0x1c89ee]
V  [jvm.dll+0x257d4d]
V  [jvm.dll+0x2562ea]
V  [jvm.dll+0x3f2d16]
V  [jvm.dll+0x857e6b]
V  [jvm.dll+0x6d0b0d]
C  [ucrtbase.dll+0x37b0]
C  [KERNEL32.DLL+0x2e8d7]
C  [ntdll.dll+0x8c53c]


---------------  P R O C E S S  ---------------

Threads class SMR info:
_java_thread_list=0x00000236e10cc820, length=22, elements={
0x000002368022e3a0, 0x000002368263ace0, 0x000002368263e3a0, 0x00000236826412a0,
0x0000023682641900, 0x0000023682642a20, 0x00000236826494d0, 0x000002368264d5d0,
0x000002368264e3c0, 0x000002368264af10, 0x000002368264a1f0, 0x000002368264a880,
0x000002368264c2c0, 0x000002368264b5a0, 0x0000023682648e40, 0x0000023682649b60,
0x00000236e167c6d0, 0x00000236e167ac90, 0x00000236e167b320, 0x00000236e167b9b0,
0x00000236e167cd60, 0x00000236e167a600
}

Java Threads: ( => current thread )
  0x000002368022e3a0 JavaThread "main"                              [_thread_blocked, id=17832, stack(0x000000c1d8a00000,0x000000c1d8b00000) (1024K)]
  0x000002368263ace0 JavaThread "Reference Handler"          daemon [_thread_blocked, id=11788, stack(0x000000c1d8e00000,0x000000c1d8f00000) (1024K)]
  0x000002368263e3a0 JavaThread "Finalizer"                  daemon [_thread_blocked, id=41760, stack(0x000000c1d8f00000,0x000000c1d9000000) (1024K)]
  0x00000236826412a0 JavaThread "Signal Dispatcher"          daemon [_thread_blocked, id=48652, stack(0x000000c1d9000000,0x000000c1d9100000) (1024K)]
  0x0000023682641900 JavaThread "Attach Listener"            daemon [_thread_blocked, id=51056, stack(0x000000c1d9100000,0x000000c1d9200000) (1024K)]
  0x0000023682642a20 JavaThread "Service Thread"             daemon [_thread_blocked, id=45576, stack(0x000000c1d9200000,0x000000c1d9300000) (1024K)]
  0x00000236826494d0 JavaThread "Monitor Deflation Thread"   daemon [_thread_blocked, id=27876, stack(0x000000c1d9300000,0x000000c1d9400000) (1024K)]
=>0x000002368264d5d0 JavaThread "C2 CompilerThread0"         daemon [_thread_in_native, id=44172, stack(0x000000c1d9400000,0x000000c1d9500000) (1024K)]
  0x000002368264e3c0 JavaThread "C1 CompilerThread0"         daemon [_thread_blocked, id=33104, stack(0x000000c1d9500000,0x000000c1d9600000) (1024K)]
  0x000002368264af10 JavaThread "Common-Cleaner"             daemon [_thread_blocked, id=43368, stack(0x000000c1d9600000,0x000000c1d9700000) (1024K)]
  0x000002368264a1f0 JavaThread "Notification Thread"        daemon [_thread_blocked, id=34332, stack(0x000000c1d9700000,0x000000c1d9800000) (1024K)]
  0x000002368264a880 JavaThread "Active Thread: Equinox Container: 6be9d7d1-3633-44f0-b980-ebfabad69d2a"        [_thread_blocked, id=36144, stack(0x000000c1d9e00000,0x000000c1d9f00000) (1024K)]
  0x000002368264c2c0 JavaThread "Refresh Thread: Equinox Container: 6be9d7d1-3633-44f0-b980-ebfabad69d2a" daemon [_thread_blocked, id=50852, stack(0x000000c1d9f00000,0x000000c1da000000) (1024K)]
  0x000002368264b5a0 JavaThread "Framework Event Dispatcher: Equinox Container: 6be9d7d1-3633-44f0-b980-ebfabad69d2a" daemon [_thread_blocked, id=36768, stack(0x000000c1da100000,0x000000c1da200000) (1024K)]
  0x0000023682648e40 JavaThread "Start Level: Equinox Container: 6be9d7d1-3633-44f0-b980-ebfabad69d2a" daemon [_thread_in_native, id=47276, stack(0x000000c1da200000,0x000000c1da300000) (1024K)]
  0x0000023682649b60 JavaThread "Bundle File Closer"         daemon [_thread_blocked, id=28076, stack(0x000000c1da400000,0x000000c1da500000) (1024K)]
  0x00000236e167c6d0 JavaThread "SCR Component Actor"        daemon [_thread_blocked, id=16092, stack(0x000000c1da500000,0x000000c1da600000) (1024K)]
  0x00000236e167ac90 JavaThread "Worker-JM"                         [_thread_blocked, id=5248, stack(0x000000c1da600000,0x000000c1da700000) (1024K)]
  0x00000236e167b320 JavaThread "Worker-0"                          [_thread_blocked, id=19632, stack(0x000000c1da700000,0x000000c1da800000) (1024K)]
  0x00000236e167b9b0 JavaThread "Worker-1: Updating Maven Dependencies"        [_thread_blocked, id=43468, stack(0x000000c1da800000,0x000000c1da900000) (1024K)]
  0x00000236e167cd60 JavaThread "Worker-2: Repository registry initialization"        [_thread_in_native, id=51156, stack(0x000000c1da900000,0x000000c1daa00000) (1024K)]
  0x00000236e167a600 JavaThread "Worker-3"                          [_thread_blocked, id=33260, stack(0x000000c1d8700000,0x000000c1d8800000) (1024K)]
Total: 22

Other Threads:
  0x0000023682525500 VMThread "VM Thread"                           [id=39656, stack(0x000000c1d8d00000,0x000000c1d8e00000) (1024K)]
  0x0000023682603450 WatcherThread "VM Periodic Task Thread"        [id=11976, stack(0x000000c1d8c00000,0x000000c1d8d00000) (1024K)]
  0x00000236825b17b0 WorkerThread "GC Thread#0"                     [id=34576, stack(0x000000c1d8b00000,0x000000c1d8c00000) (1024K)]
  0x00000236db6bfc70 WorkerThread "GC Thread#1"                     [id=36476, stack(0x000000c1d9800000,0x000000c1d9900000) (1024K)]
  0x00000236db6c0410 WorkerThread "GC Thread#2"                     [id=50932, stack(0x000000c1d9900000,0x000000c1d9a00000) (1024K)]
  0x00000236db6c07b0 WorkerThread "GC Thread#3"                     [id=50836, stack(0x000000c1d9a00000,0x000000c1d9b00000) (1024K)]
  0x00000236db6c0b50 WorkerThread "GC Thread#4"                     [id=25004, stack(0x000000c1d9b00000,0x000000c1d9c00000) (1024K)]
  0x00000236db6b7650 WorkerThread "GC Thread#5"                     [id=51172, stack(0x000000c1d9c00000,0x000000c1d9d00000) (1024K)]
  0x00000236db6b79f0 WorkerThread "GC Thread#6"                     [id=46288, stack(0x000000c1d9d00000,0x000000c1d9e00000) (1024K)]
  0x00000236db3a0220 WorkerThread "GC Thread#7"                     [id=48248, stack(0x000000c1da000000,0x000000c1da100000) (1024K)]
  0x00000236db4c7780 WorkerThread "GC Thread#8"                     [id=15712, stack(0x000000c1d8800000,0x000000c1d8900000) (1024K)]
  0x00000236db4c7b20 WorkerThread "GC Thread#9"                     [id=37388, stack(0x000000c1da300000,0x000000c1da400000) (1024K)]
Total: 12

Threads with active compile tasks:
C2 CompilerThread0  62090 3858       4       org.lombokweb.asm.ClassReader::readMethod (1070 bytes)
Total: 1

VM state: not at safepoint (normal execution)

VM Mutex/Monitor currently owned by a thread: None

Heap address: 0x0000000080000000, size: 2048 MB, Compressed Oops mode: 32-bit

CDS archive(s) mapped at: [0x0000023699000000-0x0000023699ba0000-0x0000023699ba0000), size 12189696, SharedBaseAddress: 0x0000023699000000, ArchiveRelocationMode: 1.
Compressed class space mapped at: 0x000002369a000000-0x00000236da000000, reserved size: 1073741824
Narrow klass base: 0x0000023699000000, Narrow klass shift: 0, Narrow klass range: 0x100000000

GC Precious Log:
 CardTable entry size: 512
 CPUs: 12 total, 12 available
 Memory: 7895M
 Large Page Support: Disabled
 NUMA Support: Disabled
 Compressed Oops: Enabled (32-bit)
 Alignments: Space 512K, Generation 512K, Heap 2M
 Heap Min Capacity: 100M
 Heap Initial Capacity: 100M
 Heap Max Capacity: 2G
 Pre-touch: Disabled
 Parallel Workers: 10

Heap:
 PSYoungGen      total 25600K, used 20790K [0x00000000d5580000, 0x00000000d7300000, 0x0000000100000000)
  eden space 23552K, 81% used [0x00000000d5580000,0x00000000d68314c8,0x00000000d6c80000)
  from space 2048K, 80% used [0x00000000d6f80000,0x00000000d711c658,0x00000000d7180000)
  to   space 1536K, 0% used [0x00000000d7180000,0x00000000d7180000,0x00000000d7300000)
 ParOldGen       total 68608K, used 13668K [0x0000000080000000, 0x0000000084300000, 0x00000000d5580000)
  object space 68608K, 19% used [0x0000000080000000,0x0000000080d590e8,0x0000000084300000)
 Metaspace       used 27418K, committed 28288K, reserved 1114112K
  class space    used 2722K, committed 3072K, reserved 1048576K

Card table byte_map: [0x0000023681f30000,0x0000023682340000] _byte_map_base: 0x0000023681b30000

Marking Bits: (ParMarkBitMap*) 0x00007ff82996a340
 Begin Bits: [0x0000023694a30000, 0x0000023696a30000)
 End Bits:   [0x0000023696a30000, 0x0000023698a30000)

Polling page: 0x00000236801a0000

Metaspace:

Usage:
  Non-class:     24.12 MB used.
      Class:      2.66 MB used.
       Both:     26.78 MB used.

Virtual space:
  Non-class space:       64.00 MB reserved,      24.62 MB ( 38%) committed,  1 nodes.
      Class space:        1.00 GB reserved,       3.00 MB ( <1%) committed,  1 nodes.
             Both:        1.06 GB reserved,      27.62 MB (  3%) committed. 

Chunk freelists:
   Non-Class:  7.17 MB
       Class:  12.88 MB
        Both:  20.05 MB

MaxMetaspaceSize: unlimited
CompressedClassSpaceSize: 1.00 GB
Initial GC threshold: 21.00 MB
Current GC threshold: 35.00 MB
CDS: on
 - commit_granule_bytes: 65536.
 - commit_granule_words: 8192.
 - virtual_space_node_default_size: 8388608.
 - enlarge_chunks_in_place: 1.
 - use_allocation_guard: 0.


Internal statistics:

num_allocs_failed_limit: 3.
num_arena_births: 666.
num_arena_deaths: 14.
num_vsnodes_births: 2.
num_vsnodes_deaths: 0.
num_space_committed: 442.
num_space_uncommitted: 0.
num_chunks_returned_to_freelist: 17.
num_chunks_taken_from_freelist: 1803.
num_chunk_merges: 8.
num_chunk_splits: 1151.
num_chunks_enlarged: 718.
num_inconsistent_stats: 0.

CodeHeap 'non-profiled nmethods': size=120000Kb used=1791Kb max_used=1791Kb free=118208Kb
 bounds [0x000002368d250000, 0x000002368d4c0000, 0x0000023694780000]
CodeHeap 'profiled nmethods': size=120000Kb used=8564Kb max_used=8564Kb free=111435Kb
 bounds [0x0000023685780000, 0x0000023685fe0000, 0x000002368ccb0000]
CodeHeap 'non-nmethods': size=5760Kb used=1323Kb max_used=1331Kb free=4436Kb
 bounds [0x000002368ccb0000, 0x000002368cf20000, 0x000002368d250000]
CodeCache: size=245760Kb, used=11678Kb, max_used=11686Kb, free=234079Kb
 total_blobs=4602, nmethods=3992, adapters=516, full_count=0
Compilation: enabled, stopped_count=0, restarted_count=0

Compilation events (20 events):
Event: 60.923 Thread 0x000002368264e3c0 3996       3       org.lombokweb.asm.MethodWriter::visitLocalVariable (222 bytes)
Event: 60.925 Thread 0x000002368264e3c0 nmethod 3996 0x0000023685fd5290 code [0x0000023685fd55e0, 0x0000023685fd6660]
Event: 60.928 Thread 0x000002368264e3c0 3997       3       java.util.regex.Matcher::<init> (95 bytes)
Event: 60.929 Thread 0x000002368264e3c0 nmethod 3997 0x0000023685fd6f10 code [0x0000023685fd70e0, 0x0000023685fd7590]
Event: 60.930 Thread 0x000002368264e3c0 3998       3       lombok.patcher.Hook::getClassSpec (8 bytes)
Event: 60.930 Thread 0x000002368264e3c0 nmethod 3998 0x0000023685fd7710 code [0x0000023685fd78c0, 0x0000023685fd79f8]
Event: 60.931 Thread 0x000002368264e3c0 3999       3       lombok.patcher.scripts.ReplaceMethodCallScript$ReplaceMethodCall::visitMethodInsn (250 bytes)
Event: 60.933 Thread 0x000002368264e3c0 nmethod 3999 0x0000023685fd7a90 code [0x0000023685fd7e40, 0x0000023685fd93d8]
Event: 60.935 Thread 0x000002368264e3c0 4000       3       java.util.regex.Matcher::group (65 bytes)
Event: 60.935 Thread 0x000002368264e3c0 nmethod 4000 0x0000023685fd9d10 code [0x0000023685fd9f40, 0x0000023685fda5b0]
Event: 60.935 Thread 0x000002368264e3c0 4001       3       java.util.regex.Matcher::getSubSequence (12 bytes)
Event: 60.936 Thread 0x000002368264e3c0 nmethod 4001 0x0000023685fda810 code [0x0000023685fda9c0, 0x0000023685fdab98]
Event: 60.936 Thread 0x000002368264e3c0 4002       3       org.lombokweb.asm.MethodWriter::visitTypeInsn (116 bytes)
Event: 60.937 Thread 0x000002368264e3c0 nmethod 4002 0x0000023685fdac90 code [0x0000023685fdae80, 0x0000023685fdb2e8]
Event: 60.946 Thread 0x000002368264e3c0 4003       3       org.lombokweb.asm.MethodWriter::endCurrentBasicBlockWithNoSuccessor (98 bytes)
Event: 60.947 Thread 0x000002368264e3c0 nmethod 4003 0x0000023685fdb510 code [0x0000023685fdb700, 0x0000023685fdbbc8]
Event: 60.949 Thread 0x000002368264e3c0 4004       3       org.lombokweb.asm.MethodVisitor::visitLocalVariable (24 bytes)
Event: 60.950 Thread 0x000002368264e3c0 nmethod 4004 0x0000023685fdbd90 code [0x0000023685fdbf40, 0x0000023685fdc150]
Event: 60.957 Thread 0x000002368264e3c0 4005       3       org.lombokweb.asm.MethodVisitor::visitTypeInsn (17 bytes)
Event: 60.958 Thread 0x000002368264e3c0 nmethod 4005 0x0000023685fdc210 code [0x0000023685fdc3c0, 0x0000023685fdc5c8]

GC Heap History (20 events):
Event: 1.250 GC heap before
{Heap before GC invocations=1 (full 0):
 PSYoungGen      total 29696K, used 25600K [0x00000000d5580000, 0x00000000d7680000, 0x0000000100000000)
  eden space 25600K, 100% used [0x00000000d5580000,0x00000000d6e80000,0x00000000d6e80000)
  from space 4096K, 0% used [0x00000000d7280000,0x00000000d7280000,0x00000000d7680000)
  to   space 4096K, 0% used [0x00000000d6e80000,0x00000000d6e80000,0x00000000d7280000)
 ParOldGen       total 68608K, used 0K [0x0000000080000000, 0x0000000084300000, 0x00000000d5580000)
  object space 68608K, 0% used [0x0000000080000000,0x0000000080000000,0x0000000084300000)
 Metaspace       used 4328K, committed 4544K, reserved 1114112K
  class space    used 472K, committed 576K, reserved 1048576K
}
Event: 1.258 GC heap after
{Heap after GC invocations=1 (full 0):
 PSYoungGen      total 29696K, used 3296K [0x00000000d5580000, 0x00000000d7680000, 0x0000000100000000)
  eden space 25600K, 0% used [0x00000000d5580000,0x00000000d5580000,0x00000000d6e80000)
  from space 4096K, 80% used [0x00000000d6e80000,0x00000000d71b8158,0x00000000d7280000)
  to   space 4096K, 0% used [0x00000000d7280000,0x00000000d7280000,0x00000000d7680000)
 ParOldGen       total 68608K, used 16K [0x0000000080000000, 0x0000000084300000, 0x00000000d5580000)
  object space 68608K, 0% used [0x0000000080000000,0x0000000080004000,0x0000000084300000)
 Metaspace       used 4328K, committed 4544K, reserved 1114112K
  class space    used 472K, committed 576K, reserved 1048576K
}
Event: 19.771 GC heap before
{Heap before GC invocations=2 (full 0):
 PSYoungGen      total 29696K, used 28896K [0x00000000d5580000, 0x00000000d7680000, 0x0000000100000000)
  eden space 25600K, 100% used [0x00000000d5580000,0x00000000d6e80000,0x00000000d6e80000)
  from space 4096K, 80% used [0x00000000d6e80000,0x00000000d71b8158,0x00000000d7280000)
  to   space 4096K, 0% used [0x00000000d7280000,0x00000000d7280000,0x00000000d7680000)
 ParOldGen       total 68608K, used 16K [0x0000000080000000, 0x0000000084300000, 0x00000000d5580000)
  object space 68608K, 0% used [0x0000000080000000,0x0000000080004000,0x0000000084300000)
 Metaspace       used 7984K, committed 8256K, reserved 1114112K
  class space    used 838K, committed 960K, reserved 1048576K
}
Event: 19.819 GC heap after
{Heap after GC invocations=2 (full 0):
 PSYoungGen      total 29696K, used 4086K [0x00000000d5580000, 0x00000000d7680000, 0x0000000100000000)
  eden space 25600K, 0% used [0x00000000d5580000,0x00000000d5580000,0x00000000d6e80000)
  from space 4096K, 99% used [0x00000000d7280000,0x00000000d767d810,0x00000000d7680000)
  to   space 4096K, 0% used [0x00000000d6e80000,0x00000000d6e80000,0x00000000d7280000)
 ParOldGen       total 68608K, used 1703K [0x0000000080000000, 0x0000000084300000, 0x00000000d5580000)
  object space 68608K, 2% used [0x0000000080000000,0x00000000801a9f20,0x0000000084300000)
 Metaspace       used 7984K, committed 8256K, reserved 1114112K
  class space    used 838K, committed 960K, reserved 1048576K
}
Event: 35.492 GC heap before
{Heap before GC invocations=3 (full 0):
 PSYoungGen      total 29696K, used 29686K [0x00000000d5580000, 0x00000000d7680000, 0x0000000100000000)
  eden space 25600K, 100% used [0x00000000d5580000,0x00000000d6e80000,0x00000000d6e80000)
  from space 4096K, 99% used [0x00000000d7280000,0x00000000d767d810,0x00000000d7680000)
  to   space 4096K, 0% used [0x00000000d6e80000,0x00000000d6e80000,0x00000000d7280000)
 ParOldGen       total 68608K, used 1703K [0x0000000080000000, 0x0000000084300000, 0x00000000d5580000)
  object space 68608K, 2% used [0x0000000080000000,0x00000000801a9f20,0x0000000084300000)
 Metaspace       used 9659K, committed 9984K, reserved 1114112K
  class space    used 1018K, committed 1152K, reserved 1048576K
}
Event: 35.538 GC heap after
{Heap after GC invocations=3 (full 0):
 PSYoungGen      total 29696K, used 4084K [0x00000000d5580000, 0x00000000d7680000, 0x0000000100000000)
  eden space 25600K, 0% used [0x00000000d5580000,0x00000000d5580000,0x00000000d6e80000)
  from space 4096K, 99% used [0x00000000d6e80000,0x00000000d727d2a0,0x00000000d7280000)
  to   space 4096K, 0% used [0x00000000d7280000,0x00000000d7280000,0x00000000d7680000)
 ParOldGen       total 68608K, used 4610K [0x0000000080000000, 0x0000000084300000, 0x00000000d5580000)
  object space 68608K, 6% used [0x0000000080000000,0x0000000080480b70,0x0000000084300000)
 Metaspace       used 9659K, committed 9984K, reserved 1114112K
  class space    used 1018K, committed 1152K, reserved 1048576K
}
Event: 54.181 GC heap before
{Heap before GC invocations=4 (full 0):
 PSYoungGen      total 29696K, used 29684K [0x00000000d5580000, 0x00000000d7680000, 0x0000000100000000)
  eden space 25600K, 100% used [0x00000000d5580000,0x00000000d6e80000,0x00000000d6e80000)
  from space 4096K, 99% used [0x00000000d6e80000,0x00000000d727d2a0,0x00000000d7280000)
  to   space 4096K, 0% used [0x00000000d7280000,0x00000000d7280000,0x00000000d7680000)
 ParOldGen       total 68608K, used 4610K [0x0000000080000000, 0x0000000084300000, 0x00000000d5580000)
  object space 68608K, 6% used [0x0000000080000000,0x0000000080480b70,0x0000000084300000)
 Metaspace       used 11906K, committed 12288K, reserved 1114112K
  class space    used 1247K, committed 1408K, reserved 1048576K
}
Event: 54.196 GC heap after
{Heap after GC invocations=4 (full 0):
 PSYoungGen      total 29696K, used 4077K [0x00000000d5580000, 0x00000000d7680000, 0x0000000100000000)
  eden space 25600K, 0% used [0x00000000d5580000,0x00000000d5580000,0x00000000d6e80000)
  from space 4096K, 99% used [0x00000000d7280000,0x00000000d767b5d8,0x00000000d7680000)
  to   space 4096K, 0% used [0x00000000d6e80000,0x00000000d6e80000,0x00000000d7280000)
 ParOldGen       total 68608K, used 6343K [0x0000000080000000, 0x0000000084300000, 0x00000000d5580000)
  object space 68608K, 9% used [0x0000000080000000,0x0000000080631ea8,0x0000000084300000)
 Metaspace       used 11906K, committed 12288K, reserved 1114112K
  class space    used 1247K, committed 1408K, reserved 1048576K
}
Event: 57.274 GC heap before
{Heap before GC invocations=5 (full 0):
 PSYoungGen      total 29696K, used 29677K [0x00000000d5580000, 0x00000000d7680000, 0x0000000100000000)
  eden space 25600K, 100% used [0x00000000d5580000,0x00000000d6e80000,0x00000000d6e80000)
  from space 4096K, 99% used [0x00000000d7280000,0x00000000d767b5d8,0x00000000d7680000)
  to   space 4096K, 0% used [0x00000000d6e80000,0x00000000d6e80000,0x00000000d7280000)
 ParOldGen       total 68608K, used 6343K [0x0000000080000000, 0x0000000084300000, 0x00000000d5580000)
  object space 68608K, 9% used [0x0000000080000000,0x0000000080631ea8,0x0000000084300000)
 Metaspace       used 15971K, committed 16512K, reserved 1114112K
  class space    used 1656K, committed 1856K, reserved 1048576K
}
Event: 57.285 GC heap after
{Heap after GC invocations=5 (full 0):
 PSYoungGen      total 29184K, used 4067K [0x00000000d5580000, 0x00000000d7a00000, 0x0000000100000000)
  eden space 25088K, 0% used [0x00000000d5580000,0x00000000d5580000,0x00000000d6e00000)
  from space 4096K, 99% used [0x00000000d6e80000,0x00000000d7278ca0,0x00000000d7280000)
  to   space 6144K, 0% used [0x00000000d7400000,0x00000000d7400000,0x00000000d7a00000)
 ParOldGen       total 68608K, used 7739K [0x0000000080000000, 0x0000000084300000, 0x00000000d5580000)
  object space 68608K, 11% used [0x0000000080000000,0x000000008078ecb0,0x0000000084300000)
 Metaspace       used 15971K, committed 16512K, reserved 1114112K
  class space    used 1656K, committed 1856K, reserved 1048576K
}
Event: 58.271 GC heap before
{Heap before GC invocations=6 (full 0):
 PSYoungGen      total 29184K, used 29155K [0x00000000d5580000, 0x00000000d7a00000, 0x0000000100000000)
  eden space 25088K, 100% used [0x00000000d5580000,0x00000000d6e00000,0x00000000d6e00000)
  from space 4096K, 99% used [0x00000000d6e80000,0x00000000d7278ca0,0x00000000d7280000)
  to   space 6144K, 0% used [0x00000000d7400000,0x00000000d7400000,0x00000000d7a00000)
 ParOldGen       total 68608K, used 7739K [0x0000000080000000, 0x0000000084300000, 0x00000000d5580000)
  object space 68608K, 11% used [0x0000000080000000,0x000000008078ecb0,0x0000000084300000)
 Metaspace       used 18289K, committed 19008K, reserved 1114112K
  class space    used 1920K, committed 2176K, reserved 1048576K
}
Event: 58.285 GC heap after
{Heap after GC invocations=6 (full 0):
 PSYoungGen      total 29696K, used 5058K [0x00000000d5580000, 0x00000000d7900000, 0x0000000100000000)
  eden space 24576K, 0% used [0x00000000d5580000,0x00000000d5580000,0x00000000d6d80000)
  from space 5120K, 98% used [0x00000000d7400000,0x00000000d78f08d8,0x00000000d7900000)
  to   space 5632K, 0% used [0x00000000d6e00000,0x00000000d6e00000,0x00000000d7380000)
 ParOldGen       total 68608K, used 7747K [0x0000000080000000, 0x0000000084300000, 0x00000000d5580000)
  object space 68608K, 11% used [0x0000000080000000,0x0000000080790cb0,0x0000000084300000)
 Metaspace       used 18289K, committed 19008K, reserved 1114112K
  class space    used 1920K, committed 2176K, reserved 1048576K
}
Event: 59.205 GC heap before
{Heap before GC invocations=7 (full 0):
 PSYoungGen      total 29696K, used 23312K [0x00000000d5580000, 0x00000000d7900000, 0x0000000100000000)
  eden space 24576K, 74% used [0x00000000d5580000,0x00000000d6753920,0x00000000d6d80000)
  from space 5120K, 98% used [0x00000000d7400000,0x00000000d78f08d8,0x00000000d7900000)
  to   space 5632K, 0% used [0x00000000d6e00000,0x00000000d6e00000,0x00000000d7380000)
 ParOldGen       total 68608K, used 7747K [0x0000000080000000, 0x0000000084300000, 0x00000000d5580000)
  object space 68608K, 11% used [0x0000000080000000,0x0000000080790cb0,0x0000000084300000)
 Metaspace       used 20754K, committed 21504K, reserved 1114112K
  class space    used 2151K, committed 2496K, reserved 1048576K
}
Event: 59.214 GC heap after
{Heap after GC invocations=7 (full 0):
 PSYoungGen      total 29184K, used 4306K [0x00000000d5580000, 0x00000000d7780000, 0x0000000100000000)
  eden space 24576K, 0% used [0x00000000d5580000,0x00000000d5580000,0x00000000d6d80000)
  from space 4608K, 93% used [0x00000000d6e00000,0x00000000d7234be8,0x00000000d7280000)
  to   space 5120K, 0% used [0x00000000d7280000,0x00000000d7280000,0x00000000d7780000)
 ParOldGen       total 68608K, used 9580K [0x0000000080000000, 0x0000000084300000, 0x00000000d5580000)
  object space 68608K, 13% used [0x0000000080000000,0x000000008095b028,0x0000000084300000)
 Metaspace       used 20754K, committed 21504K, reserved 1114112K
  class space    used 2151K, committed 2496K, reserved 1048576K
}
Event: 59.214 GC heap before
{Heap before GC invocations=8 (full 1):
 PSYoungGen      total 29184K, used 4306K [0x00000000d5580000, 0x00000000d7780000, 0x0000000100000000)
  eden space 24576K, 0% used [0x00000000d5580000,0x00000000d5580000,0x00000000d6d80000)
  from space 4608K, 93% used [0x00000000d6e00000,0x00000000d7234be8,0x00000000d7280000)
  to   space 5120K, 0% used [0x00000000d7280000,0x00000000d7280000,0x00000000d7780000)
 ParOldGen       total 68608K, used 9580K [0x0000000080000000, 0x0000000084300000, 0x00000000d5580000)
  object space 68608K, 13% used [0x0000000080000000,0x000000008095b028,0x0000000084300000)
 Metaspace       used 20754K, committed 21504K, reserved 1114112K
  class space    used 2151K, committed 2496K, reserved 1048576K
}
Event: 59.358 GC heap after
{Heap after GC invocations=8 (full 1):
 PSYoungGen      total 29184K, used 0K [0x00000000d5580000, 0x00000000d7780000, 0x0000000100000000)
  eden space 24576K, 0% used [0x00000000d5580000,0x00000000d5580000,0x00000000d6d80000)
  from space 4608K, 0% used [0x00000000d6e00000,0x00000000d6e00000,0x00000000d7280000)
  to   space 5120K, 0% used [0x00000000d7280000,0x00000000d7280000,0x00000000d7780000)
 ParOldGen       total 68608K, used 12878K [0x0000000080000000, 0x0000000084300000, 0x00000000d5580000)
  object space 68608K, 18% used [0x0000000080000000,0x0000000080c93bd8,0x0000000084300000)
 Metaspace       used 20741K, committed 21504K, reserved 1114112K
  class space    used 2147K, committed 2496K, reserved 1048576K
}
Event: 59.792 GC heap before
{Heap before GC invocations=9 (full 1):
 PSYoungGen      total 29184K, used 24576K [0x00000000d5580000, 0x00000000d7780000, 0x0000000100000000)
  eden space 24576K, 100% used [0x00000000d5580000,0x00000000d6d80000,0x00000000d6d80000)
  from space 4608K, 0% used [0x00000000d6e00000,0x00000000d6e00000,0x00000000d7280000)
  to   space 5120K, 0% used [0x00000000d7280000,0x00000000d7280000,0x00000000d7780000)
 ParOldGen       total 68608K, used 12878K [0x0000000080000000, 0x0000000084300000, 0x00000000d5580000)
  object space 68608K, 18% used [0x0000000080000000,0x0000000080c93bd8,0x0000000084300000)
 Metaspace       used 23337K, committed 24128K, reserved 1114112K
  class space    used 2321K, committed 2688K, reserved 1048576K
}
Event: 59.794 GC heap after
{Heap after GC invocations=9 (full 1):
 PSYoungGen      total 25088K, used 515K [0x00000000d5580000, 0x00000000d7380000, 0x0000000100000000)
  eden space 24064K, 0% used [0x00000000d5580000,0x00000000d5580000,0x00000000d6d00000)
  from space 1024K, 50% used [0x00000000d7280000,0x00000000d7300c78,0x00000000d7380000)
  to   space 2048K, 0% used [0x00000000d6f80000,0x00000000d6f80000,0x00000000d7180000)
 ParOldGen       total 68608K, used 12878K [0x0000000080000000, 0x0000000084300000, 0x00000000d5580000)
  object space 68608K, 18% used [0x0000000080000000,0x0000000080c93bd8,0x0000000084300000)
 Metaspace       used 23337K, committed 24128K, reserved 1114112K
  class space    used 2321K, committed 2688K, reserved 1048576K
}
Event: 60.239 GC heap before
{Heap before GC invocations=10 (full 1):
 PSYoungGen      total 25088K, used 24579K [0x00000000d5580000, 0x00000000d7380000, 0x0000000100000000)
  eden space 24064K, 100% used [0x00000000d5580000,0x00000000d6d00000,0x00000000d6d00000)
  from space 1024K, 50% used [0x00000000d7280000,0x00000000d7300c78,0x00000000d7380000)
  to   space 2048K, 0% used [0x00000000d6f80000,0x00000000d6f80000,0x00000000d7180000)
 ParOldGen       total 68608K, used 12878K [0x0000000080000000, 0x0000000084300000, 0x00000000d5580000)
  object space 68608K, 18% used [0x0000000080000000,0x0000000080c93bd8,0x0000000084300000)
 Metaspace       used 26027K, committed 26944K, reserved 1114112K
  class space    used 2552K, committed 2944K, reserved 1048576K
}
Event: 60.243 GC heap after
{Heap after GC invocations=10 (full 1):
 PSYoungGen      total 25600K, used 1649K [0x00000000d5580000, 0x00000000d7300000, 0x0000000100000000)
  eden space 23552K, 0% used [0x00000000d5580000,0x00000000d5580000,0x00000000d6c80000)
  from space 2048K, 80% used [0x00000000d6f80000,0x00000000d711c658,0x00000000d7180000)
  to   space 1536K, 0% used [0x00000000d7180000,0x00000000d7180000,0x00000000d7300000)
 ParOldGen       total 68608K, used 13668K [0x0000000080000000, 0x0000000084300000, 0x00000000d5580000)
  object space 68608K, 19% used [0x0000000080000000,0x0000000080d590e8,0x0000000084300000)
 Metaspace       used 26027K, committed 26944K, reserved 1114112K
  class space    used 2552K, committed 2944K, reserved 1048576K
}

Dll operation events (11 events):
Event: 0.028 Loaded shared library c:\Users\Robert\.vscode\extensions\redhat.java-1.47.0-win32-x64\jre\21.0.8-win32-x86_64\bin\java.dll
Event: 0.267 Loaded shared library c:\Users\Robert\.vscode\extensions\redhat.java-1.47.0-win32-x64\jre\21.0.8-win32-x86_64\bin\zip.dll
Event: 0.304 Loaded shared library C:\Users\Robert\.vscode\extensions\redhat.java-1.47.0-win32-x64\jre\21.0.8-win32-x86_64\bin\instrument.dll
Event: 0.311 Loaded shared library C:\Users\Robert\.vscode\extensions\redhat.java-1.47.0-win32-x64\jre\21.0.8-win32-x86_64\bin\net.dll
Event: 0.314 Loaded shared library C:\Users\Robert\.vscode\extensions\redhat.java-1.47.0-win32-x64\jre\21.0.8-win32-x86_64\bin\nio.dll
Event: 0.318 Loaded shared library C:\Users\Robert\.vscode\extensions\redhat.java-1.47.0-win32-x64\jre\21.0.8-win32-x86_64\bin\zip.dll
Event: 0.343 Loaded shared library C:\Users\Robert\.vscode\extensions\redhat.java-1.47.0-win32-x64\jre\21.0.8-win32-x86_64\bin\jimage.dll
Event: 0.473 Loaded shared library c:\Users\Robert\.vscode\extensions\redhat.java-1.47.0-win32-x64\jre\21.0.8-win32-x86_64\bin\verify.dll
Event: 23.036 Loaded shared library C:\Users\Robert\AppData\Roaming\Code\User\globalStorage\redhat.java\1.47.0\config_win\org.eclipse.equinox.launcher\org.eclipse.equinox.launcher.win32.win32.x86_64_1.2.1400.v20250801-0854\eclipse_11916.dll
Event: 57.051 Loaded shared library C:\Users\Robert\.vscode\extensions\redhat.java-1.47.0-win32-x64\jre\21.0.8-win32-x86_64\bin\management.dll
Event: 57.081 Loaded shared library C:\Users\Robert\.vscode\extensions\redhat.java-1.47.0-win32-x64\jre\21.0.8-win32-x86_64\bin\management_ext.dll

Deoptimization events (20 events):
Event: 60.044 Thread 0x00000236e167cd60 Uncommon trap: trap_request=0xffffffde fr.pc=0x000002368d404db8 relative=0x00000000000000f8
Event: 60.044 Thread 0x00000236e167cd60 Uncommon trap: reason=class_check action=maybe_recompile pc=0x000002368d404db8 method=java.lang.Character.codePointAt(Ljava/lang/CharSequence;I)I @ 2 c2
Event: 60.044 Thread 0x00000236e167cd60 DEOPT PACKING pc=0x000002368d404db8 sp=0x000000c1da9fe890
Event: 60.044 Thread 0x00000236e167cd60 DEOPT UNPACKING pc=0x000002368cd03aa2 sp=0x000000c1da9fe818 mode 2
Event: 60.044 Thread 0x00000236e167cd60 Uncommon trap: trap_request=0xffffffde fr.pc=0x000002368d404db8 relative=0x00000000000000f8
Event: 60.044 Thread 0x00000236e167cd60 Uncommon trap: reason=class_check action=maybe_recompile pc=0x000002368d404db8 method=java.lang.Character.codePointAt(Ljava/lang/CharSequence;I)I @ 2 c2
Event: 60.044 Thread 0x00000236e167cd60 DEOPT PACKING pc=0x000002368d404db8 sp=0x000000c1da9fe890
Event: 60.044 Thread 0x00000236e167cd60 DEOPT UNPACKING pc=0x000002368cd03aa2 sp=0x000000c1da9fe818 mode 2
Event: 60.044 Thread 0x00000236e167cd60 Uncommon trap: trap_request=0xffffff76 fr.pc=0x000002368d401d7c relative=0x000000000000037c
Event: 60.044 Thread 0x00000236e167cd60 Uncommon trap: reason=predicate action=maybe_recompile pc=0x000002368d401d7c method=java.util.regex.Pattern$BmpCharPropertyGreedy.match(Ljava/util/regex/Matcher;ILjava/lang/CharSequence;)Z @ 12 c2
Event: 60.044 Thread 0x00000236e167cd60 DEOPT PACKING pc=0x000002368d401d7c sp=0x000000c1da9fe7d0
Event: 60.044 Thread 0x00000236e167cd60 DEOPT UNPACKING pc=0x000002368cd03aa2 sp=0x000000c1da9fe778 mode 2
Event: 60.076 Thread 0x00000236e167cd60 Uncommon trap: trap_request=0xffffffde fr.pc=0x000002368d2d1698 relative=0x00000000000005d8
Event: 60.076 Thread 0x00000236e167cd60 Uncommon trap: reason=class_check action=maybe_recompile pc=0x000002368d2d1698 method=java.io.BufferedInputStream.implRead([BII)I @ 100 c2
Event: 60.076 Thread 0x00000236e167cd60 DEOPT PACKING pc=0x000002368d2d1698 sp=0x000000c1da9fe4e0
Event: 60.076 Thread 0x00000236e167cd60 DEOPT UNPACKING pc=0x000002368cd03aa2 sp=0x000000c1da9fe4b8 mode 2
Event: 60.091 Thread 0x00000236e167cd60 Uncommon trap: trap_request=0xffffffde fr.pc=0x000002368d2d1698 relative=0x00000000000005d8
Event: 60.091 Thread 0x00000236e167cd60 Uncommon trap: reason=class_check action=maybe_recompile pc=0x000002368d2d1698 method=java.io.BufferedInputStream.implRead([BII)I @ 100 c2
Event: 60.092 Thread 0x00000236e167cd60 DEOPT PACKING pc=0x000002368d2d1698 sp=0x000000c1da9fe4a0
Event: 60.092 Thread 0x00000236e167cd60 DEOPT UNPACKING pc=0x000002368cd03aa2 sp=0x000000c1da9fe478 mode 2

Classes loaded (20 events):
Event: 60.007 Loading class java/lang/invoke/MethodHandleImpl$CountingWrapper done
Event: 60.043 Loading class java/io/FileReader
Event: 60.043 Loading class java/io/FileReader done
Event: 60.169 Loading class java/util/concurrent/atomic/AtomicReferenceFieldUpdater
Event: 60.172 Loading class java/util/concurrent/atomic/AtomicReferenceFieldUpdater done
Event: 60.172 Loading class java/util/concurrent/atomic/AtomicReferenceFieldUpdater$AtomicReferenceFieldUpdaterImpl
Event: 60.172 Loading class java/util/concurrent/atomic/AtomicReferenceFieldUpdater$AtomicReferenceFieldUpdaterImpl done
Event: 60.173 Loading class java/util/concurrent/atomic/AtomicReferenceFieldUpdater$AtomicReferenceFieldUpdaterImpl$1
Event: 60.173 Loading class java/util/concurrent/atomic/AtomicReferenceFieldUpdater$AtomicReferenceFieldUpdaterImpl$1 done
Event: 60.173 Loading class sun/reflect/misc/ReflectUtil
Event: 60.175 Loading class sun/reflect/misc/ReflectUtil done
Event: 60.487 Loading class java/io/FilterReader
Event: 60.487 Loading class java/io/FilterReader done
Event: 60.974 Loading class java/lang/Class$AnnotationData
Event: 60.975 Loading class java/lang/Class$AnnotationData done
Event: 60.975 Loading class sun/reflect/annotation/TypeAnnotationParser
Event: 60.982 Loading class sun/reflect/annotation/TypeAnnotationParser done
Event: 60.982 Loading class sun/reflect/annotation/TypeAnnotation
Event: 60.983 Loading class sun/reflect/annotation/TypeAnnotation done
Event: 60.983 Loading class sun/reflect/generics/repository/ClassRepository

Classes unloaded (7 events):
Event: 59.230 Thread 0x0000023682525500 Unloading class 0x000002369a1a3800 'java/lang/invoke/LambdaForm$MH+0x000002369a1a3800'
Event: 59.230 Thread 0x0000023682525500 Unloading class 0x000002369a1a3400 'java/lang/invoke/LambdaForm$MH+0x000002369a1a3400'
Event: 59.230 Thread 0x0000023682525500 Unloading class 0x000002369a1a3000 'java/lang/invoke/LambdaForm$MH+0x000002369a1a3000'
Event: 59.230 Thread 0x0000023682525500 Unloading class 0x000002369a1a2c00 'java/lang/invoke/LambdaForm$MH+0x000002369a1a2c00'
Event: 59.230 Thread 0x0000023682525500 Unloading class 0x000002369a1a2800 'java/lang/invoke/LambdaForm$BMH+0x000002369a1a2800'
Event: 59.230 Thread 0x0000023682525500 Unloading class 0x000002369a1a2400 'java/lang/invoke/LambdaForm$DMH+0x000002369a1a2400'
Event: 59.230 Thread 0x0000023682525500 Unloading class 0x000002369a1a1000 'java/lang/invoke/LambdaForm$DMH+0x000002369a1a1000'

Classes redefined (0 events):
No events

Internal exceptions (20 events):
Event: 59.941 Thread 0x00000236e167b9b0 Exception <a 'java/lang/NoSuchMethodError'{0x00000000d5d76168}: 'java.lang.Object java.lang.invoke.DirectMethodHandle$Holder.invokeStaticInit(java.lang.Object, java.lang.Object, java.lang.Object, java.lang.Object, java.lang.Object, java.lang.Object, java.lang.Object)'> (0x00000000d5d76168) 
thrown [s\src\hotspot\share\interpreter\linkResolver.cpp, line 773]
Event: 59.942 Thread 0x00000236e167cd60 Exception <a 'java/lang/NoSuchMethodError'{0x00000000d59842e0}: 'java.lang.Object java.lang.invoke.DirectMethodHandle$Holder.invokeStaticInit(java.lang.Object, java.lang.Object, java.lang.Object, java.lang.Object, java.lang.Object, java.lang.Object, java.lang.Object)'> (0x00000000d59842e0) 
thrown [s\src\hotspot\share\interpreter\linkResolver.cpp, line 773]
Event: 59.945 Thread 0x00000236e167cd60 Exception <a 'java/lang/NoSuchMethodError'{0x00000000d5988ab8}: 'java.lang.Object java.lang.invoke.Invokers$Holder.invoke_MT(java.lang.Object, java.lang.Object, java.lang.Object, java.lang.Object, java.lang.Object, java.lang.Object, java.lang.Object, java.lang.Object, java.lang.Object)'> (0x00000000d5988ab8) 
thrown [s\src\hotspot\share\interpreter\linkResolver.cpp, line 773]
Event: 59.946 Thread 0x00000236e167b9b0 Exception <a 'java/lang/NoSuchMethodError'{0x00000000d5d79fa8}: 'java.lang.Object java.lang.invoke.Invokers$Holder.invoke_MT(java.lang.Object, java.lang.Object, java.lang.Object, java.lang.Object, java.lang.Object, java.lang.Object, java.lang.Object, java.lang.Object, java.lang.Object)'> (0x00000000d5d79fa8) 
thrown [s\src\hotspot\share\interpreter\linkResolver.cpp, line 773]
Event: 59.969 Thread 0x00000236e167cd60 Exception <a 'java/lang/NoSuchMethodError'{0x00000000d5f90978}: 'int java.lang.invoke.DirectMethodHandle$Holder.invokeVirtual(java.lang.Object, java.lang.Object, java.lang.Object)'> (0x00000000d5f90978) 
thrown [s\src\hotspot\share\interpreter\linkResolver.cpp, line 773]
Event: 59.972 Thread 0x00000236e167cd60 Exception <a 'java/lang/NoSuchMethodError'{0x00000000d5f94670}: 'int java.lang.invoke.DirectMethodHandle$Holder.invokeStaticInit(java.lang.Object, int, int)'> (0x00000000d5f94670) 
thrown [s\src\hotspot\share\interpreter\linkResolver.cpp, line 773]
Event: 59.975 Thread 0x00000236e167cd60 Exception <a 'java/lang/NoSuchMethodError'{0x00000000d6009d68}: 'int java.lang.invoke.DirectMethodHandle$Holder.invokeStaticInit(java.lang.Object, long, long)'> (0x00000000d6009d68) 
thrown [s\src\hotspot\share\interpreter\linkResolver.cpp, line 773]
Event: 59.976 Thread 0x00000236e167cd60 Exception <a 'java/lang/NoSuchMethodError'{0x00000000d6010450}: 'int java.lang.invoke.DirectMethodHandle$Holder.invokeStaticInit(java.lang.Object, float, float)'> (0x00000000d6010450) 
thrown [s\src\hotspot\share\interpreter\linkResolver.cpp, line 773]
Event: 59.976 Thread 0x00000236e167cd60 Exception <a 'java/lang/NoSuchMethodError'{0x00000000d6016b30}: 'int java.lang.invoke.DirectMethodHandle$Holder.invokeStaticInit(java.lang.Object, double, double)'> (0x00000000d6016b30) 
thrown [s\src\hotspot\share\interpreter\linkResolver.cpp, line 773]
Event: 59.980 Thread 0x00000236e167cd60 Exception <a 'java/lang/NoSuchMethodError'{0x00000000d601aec8}: 'int java.lang.invoke.DirectMethodHandle$Holder.invokeStatic(java.lang.Object, long)'> (0x00000000d601aec8) 
thrown [s\src\hotspot\share\interpreter\linkResolver.cpp, line 773]
Event: 59.990 Thread 0x00000236e167cd60 Exception <a 'java/lang/NoSuchMethodError'{0x00000000d602b378}: 'int java.lang.invoke.DirectMethodHandle$Holder.invokeSpecial(java.lang.Object, java.lang.Object, int, int)'> (0x00000000d602b378) 
thrown [s\src\hotspot\share\interpreter\linkResolver.cpp, line 773]
Event: 59.993 Thread 0x00000236e167cd60 Exception <a 'java/lang/NoSuchMethodError'{0x00000000d60aa710}: 'int java.lang.invoke.Invokers$Holder.linkToTargetMethod(java.lang.Object, java.lang.Object)'> (0x00000000d60aa710) 
thrown [s\src\hotspot\share\interpreter\linkResolver.cpp, line 773]
Event: 59.994 Thread 0x00000236e167b9b0 Exception <a 'java/lang/NoSuchMethodError'{0x00000000d60bfb30}: 'int java.lang.invoke.Invokers$Holder.linkToTargetMethod(java.lang.Object, java.lang.Object)'> (0x00000000d60bfb30) 
thrown [s\src\hotspot\share\interpreter\linkResolver.cpp, line 773]
Event: 59.996 Thread 0x00000236e167b9b0 Exception <a 'java/lang/NoSuchMethodError'{0x00000000d60c8428}: 'int java.lang.invoke.DirectMethodHandle$Holder.invokeSpecial(java.lang.Object, java.lang.Object, java.lang.Object, java.lang.Object)'> (0x00000000d60c8428) 
thrown [s\src\hotspot\share\interpreter\linkResolver.cpp, line 773]
Event: 60.003 Thread 0x00000236e167b9b0 Exception <a 'java/lang/NoSuchMethodError'{0x00000000d60d5d98}: 'java.lang.Object java.lang.invoke.DirectMethodHandle$Holder.invokeStatic(java.lang.Object, int, java.lang.Object, java.lang.Object)'> (0x00000000d60d5d98) 
thrown [s\src\hotspot\share\interpreter\linkResolver.cpp, line 773]
Event: 60.006 Thread 0x00000236e167b9b0 Exception <a 'java/lang/NoSuchMethodError'{0x00000000d6178e08}: 'java.lang.Object java.lang.invoke.DelegatingMethodHandle$Holder.delegate(java.lang.Object, int, java.lang.Object, java.lang.Object)'> (0x00000000d6178e08) 
thrown [s\src\hotspot\share\interpreter\linkResolver.cpp, line 773]
Event: 60.017 Thread 0x00000236e167b9b0 Exception <a 'java/lang/NoSuchMethodError'{0x00000000d618c968}: 'int java.lang.invoke.Invokers$Holder.linkToTargetMethod(java.lang.Object, java.lang.Object, java.lang.Object)'> (0x00000000d618c968) 
thrown [s\src\hotspot\share\interpreter\linkResolver.cpp, line 773]
Event: 60.093 Thread 0x0000023682648e40 Exception <a 'java/io/FileNotFoundException'{0x00000000d6484348}> (0x00000000d6484348) 
thrown [s\src\hotspot\share\prims\jni.cpp, line 520]
Event: 60.111 Thread 0x00000236e167cd60 Exception <a 'java/lang/NoSuchMethodError'{0x00000000d66ff9a8}: 'java.lang.Object java.lang.invoke.DirectMethodHandle$Holder.invokeSpecialIFC(java.lang.Object, java.lang.Object, java.lang.Object, java.lang.Object)'> (0x00000000d66ff9a8) 
thrown [s\src\hotspot\share\interpreter\linkResolver.cpp, line 773]
Event: 60.278 Thread 0x0000023682648e40 Exception <a 'java/io/FileNotFoundException'{0x00000000d5b13820}> (0x00000000d5b13820) 
thrown [s\src\hotspot\share\prims\jni.cpp, line 520]

ZGC Phase Switch (0 events):
No events

VM Operations (20 events):
Event: 57.875 Executing VM operation: HandshakeAllThreads (Deoptimize) done
Event: 58.130 Executing VM operation: ICBufferFull
Event: 58.131 Executing VM operation: ICBufferFull done
Event: 58.271 Executing VM operation: ParallelGCFailedAllocation (Allocation Failure)
Event: 58.285 Executing VM operation: ParallelGCFailedAllocation (Allocation Failure) done
Event: 58.655 Executing VM operation: HandshakeAllThreads (Deoptimize)
Event: 58.655 Executing VM operation: HandshakeAllThreads (Deoptimize) done
Event: 59.204 Executing VM operation: CollectForMetadataAllocation (Metadata GC Threshold)
Event: 59.358 Executing VM operation: CollectForMetadataAllocation (Metadata GC Threshold) done
Event: 59.792 Executing VM operation: ParallelGCFailedAllocation (Allocation Failure)
Event: 59.794 Executing VM operation: ParallelGCFailedAllocation (Allocation Failure) done
Event: 60.008 Executing VM operation: HandshakeAllThreads (Deoptimize)
Event: 60.009 Executing VM operation: HandshakeAllThreads (Deoptimize) done
Event: 60.042 Executing VM operation: HandshakeAllThreads (HandshakeForDeflation)
Event: 60.042 Executing VM operation: HandshakeAllThreads (HandshakeForDeflation) done
Event: 60.043 Executing VM operation: RendezvousGCThreads
Event: 60.043 Executing VM operation: RendezvousGCThreads done
Event: 60.239 Executing VM operation: ParallelGCFailedAllocation (Allocation Failure)
Event: 60.243 Executing VM operation: ParallelGCFailedAllocation (Allocation Failure) done
Event: 61.254 Executing VM operation: Cleanup

Memory protections (0 events):
No events

Nmethod flushes (0 events):
No events

Events (20 events):
Event: 0.209 Thread 0x000002368022e3a0 Thread added: 0x000002368263e3a0
Event: 0.210 Thread 0x000002368022e3a0 Thread added: 0x00000236826412a0
Event: 0.210 Thread 0x000002368022e3a0 Thread added: 0x0000023682641900
Event: 0.210 Thread 0x000002368022e3a0 Thread added: 0x0000023682642a20
Event: 0.210 Thread 0x000002368022e3a0 Thread added: 0x00000236826494d0
Event: 0.210 Thread 0x000002368022e3a0 Thread added: 0x000002368264d5d0
Event: 0.211 Thread 0x000002368022e3a0 Thread added: 0x000002368264e3c0
Event: 0.244 Thread 0x000002368022e3a0 Thread added: 0x000002368264af10
Event: 0.659 Thread 0x000002368022e3a0 Thread added: 0x000002368264a1f0
Event: 2.004 Thread 0x000002368022e3a0 Thread added: 0x000002368264a880
Event: 19.712 Thread 0x000002368022e3a0 Thread added: 0x000002368264c2c0
Event: 20.724 Thread 0x000002368264c2c0 Thread added: 0x000002368264b5a0
Event: 23.076 Thread 0x000002368022e3a0 Thread added: 0x0000023682648e40
Event: 36.339 Thread 0x0000023682648e40 Thread added: 0x0000023682649b60
Event: 54.094 Thread 0x0000023682648e40 Thread added: 0x00000236e167c6d0
Event: 56.541 Thread 0x0000023682648e40 Thread added: 0x00000236e167ac90
Event: 57.302 Thread 0x0000023682648e40 Thread added: 0x00000236e167b320
Event: 57.356 Thread 0x0000023682648e40 Thread added: 0x00000236e167b9b0
Event: 59.885 Thread 0x00000236e167b9b0 Thread added: 0x00000236e167cd60
Event: 60.071 Thread 0x00000236e167b320 Thread added: 0x00000236e167a600


Dynamic libraries:
0x00007ff6f9180000 - 0x00007ff6f918e000 	c:\Users\Robert\.vscode\extensions\redhat.java-1.47.0-win32-x64\jre\21.0.8-win32-x86_64\bin\java.exe
0x00007ff91c9e0000 - 0x00007ff91cc48000 	C:\WINDOWS\SYSTEM32\ntdll.dll
0x00007ff91a7b0000 - 0x00007ff91a879000 	C:\WINDOWS\System32\KERNEL32.DLL
0x00007ff919b70000 - 0x00007ff919f62000 	C:\WINDOWS\System32\KERNELBASE.dll
0x00007ff91a400000 - 0x00007ff91a54b000 	C:\WINDOWS\System32\ucrtbase.dll
0x00007ff8eb850000 - 0x00007ff8eb868000 	c:\Users\Robert\.vscode\extensions\redhat.java-1.47.0-win32-x64\jre\21.0.8-win32-x86_64\bin\jli.dll
0x00007ff91b110000 - 0x00007ff91b2d5000 	C:\WINDOWS\System32\USER32.dll
0x00007ff8fb4f0000 - 0x00007ff8fb783000 	C:\WINDOWS\WinSxS\amd64_microsoft.windows.common-controls_6595b64144ccf1df_6.0.26100.6899_none_3e0efeeae32e88c1\COMCTL32.dll
0x00007ff8c6860000 - 0x00007ff8c687e000 	c:\Users\Robert\.vscode\extensions\redhat.java-1.47.0-win32-x64\jre\21.0.8-win32-x86_64\bin\VCRUNTIME140.dll
0x00007ff91aad0000 - 0x00007ff91ab79000 	C:\WINDOWS\System32\msvcrt.dll
0x00007ff91a0e0000 - 0x00007ff91a107000 	C:\WINDOWS\System32\win32u.dll
0x00007ff91ad30000 - 0x00007ff91ad5b000 	C:\WINDOWS\System32\GDI32.dll
0x00007ff91a680000 - 0x00007ff91a7ad000 	C:\WINDOWS\System32\gdi32full.dll
0x00007ff91a1d0000 - 0x00007ff91a273000 	C:\WINDOWS\System32\msvcp_win.dll
0x00007ff91c7a0000 - 0x00007ff91c7cf000 	C:\WINDOWS\System32\IMM32.DLL
0x00007ff90f900000 - 0x00007ff90f90c000 	c:\Users\Robert\.vscode\extensions\redhat.java-1.47.0-win32-x64\jre\21.0.8-win32-x86_64\bin\vcruntime140_1.dll
0x00007ff8a5a20000 - 0x00007ff8a5aad000 	c:\Users\Robert\.vscode\extensions\redhat.java-1.47.0-win32-x64\jre\21.0.8-win32-x86_64\bin\msvcp140.dll
0x00007ff828cb0000 - 0x00007ff829a47000 	c:\Users\Robert\.vscode\extensions\redhat.java-1.47.0-win32-x64\jre\21.0.8-win32-x86_64\bin\server\jvm.dll
0x00007ff91bea0000 - 0x00007ff91bf54000 	C:\WINDOWS\System32\ADVAPI32.dll
0x00007ff91c6f0000 - 0x00007ff91c796000 	C:\WINDOWS\System32\sechost.dll
0x00007ff91adc0000 - 0x00007ff91aed8000 	C:\WINDOWS\System32\RPCRT4.dll
0x00007ff91b040000 - 0x00007ff91b0b4000 	C:\WINDOWS\System32\WS2_32.dll
0x00007ff918780000 - 0x00007ff9187de000 	C:\WINDOWS\SYSTEM32\POWRPROF.dll
0x00007ff90cc20000 - 0x00007ff90cc55000 	C:\WINDOWS\SYSTEM32\WINMM.dll
0x00007ff90e920000 - 0x00007ff90e92b000 	C:\WINDOWS\SYSTEM32\VERSION.dll
0x00007ff918760000 - 0x00007ff918774000 	C:\WINDOWS\SYSTEM32\UMPDC.dll
0x00007ff918a40000 - 0x00007ff918a5b000 	C:\WINDOWS\SYSTEM32\kernel.appcore.dll
0x00007ff90f600000 - 0x00007ff90f60a000 	c:\Users\Robert\.vscode\extensions\redhat.java-1.47.0-win32-x64\jre\21.0.8-win32-x86_64\bin\jimage.dll
0x00007ff917220000 - 0x00007ff917462000 	C:\WINDOWS\SYSTEM32\DBGHELP.DLL
0x00007ff91b3c0000 - 0x00007ff91b73b000 	C:\WINDOWS\System32\combase.dll
0x00007ff91b2e0000 - 0x00007ff91b3b7000 	C:\WINDOWS\System32\OLEAUT32.dll
0x00007ff8f4c10000 - 0x00007ff8f4c4c000 	C:\WINDOWS\SYSTEM32\dbgcore.DLL
0x00007ff91a550000 - 0x00007ff91a5e8000 	C:\WINDOWS\System32\bcryptPrimitives.dll
0x00007ff8ffaf0000 - 0x00007ff8ffaff000 	c:\Users\Robert\.vscode\extensions\redhat.java-1.47.0-win32-x64\jre\21.0.8-win32-x86_64\bin\instrument.dll
0x00007ff8acb70000 - 0x00007ff8acb8f000 	c:\Users\Robert\.vscode\extensions\redhat.java-1.47.0-win32-x64\jre\21.0.8-win32-x86_64\bin\java.dll
0x00007ff91b740000 - 0x00007ff91be8d000 	C:\WINDOWS\System32\SHELL32.dll
0x00007ff919f70000 - 0x00007ff91a0db000 	C:\WINDOWS\System32\wintypes.dll
0x00007ff9177c0000 - 0x00007ff91801d000 	C:\WINDOWS\SYSTEM32\windows.storage.dll
0x00007ff91c160000 - 0x00007ff91c252000 	C:\WINDOWS\System32\SHCORE.dll
0x00007ff91a910000 - 0x00007ff91a972000 	C:\WINDOWS\System32\shlwapi.dll
0x00007ff919a90000 - 0x00007ff919ab9000 	C:\WINDOWS\SYSTEM32\profapi.dll
0x00007ff8ab7b0000 - 0x00007ff8ab7c8000 	c:\Users\Robert\.vscode\extensions\redhat.java-1.47.0-win32-x64\jre\21.0.8-win32-x86_64\bin\zip.dll
0x00007ff902010000 - 0x00007ff902020000 	C:\Users\Robert\.vscode\extensions\redhat.java-1.47.0-win32-x64\jre\21.0.8-win32-x86_64\bin\net.dll
0x00007ff90fc30000 - 0x00007ff90fd4f000 	C:\WINDOWS\SYSTEM32\WINHTTP.dll
0x00007ff918fd0000 - 0x00007ff91903b000 	C:\WINDOWS\system32\mswsock.dll
0x00007ff895490000 - 0x00007ff8954a6000 	C:\Users\Robert\.vscode\extensions\redhat.java-1.47.0-win32-x64\jre\21.0.8-win32-x86_64\bin\nio.dll
0x00007ff8e98d0000 - 0x00007ff8e98e0000 	c:\Users\Robert\.vscode\extensions\redhat.java-1.47.0-win32-x64\jre\21.0.8-win32-x86_64\bin\verify.dll
0x00007ff894910000 - 0x00007ff894954000 	C:\Users\Robert\AppData\Roaming\Code\User\globalStorage\redhat.java\1.47.0\config_win\org.eclipse.equinox.launcher\org.eclipse.equinox.launcher.win32.win32.x86_64_1.2.1400.v20250801-0854\eclipse_11916.dll
0x00007ff91ab80000 - 0x00007ff91ad18000 	C:\WINDOWS\System32\ole32.dll
0x00007ff8ffa80000 - 0x00007ff8ffa8a000 	C:\Users\Robert\.vscode\extensions\redhat.java-1.47.0-win32-x64\jre\21.0.8-win32-x86_64\bin\management.dll
0x00007ff8e9af0000 - 0x00007ff8e9afb000 	C:\Users\Robert\.vscode\extensions\redhat.java-1.47.0-win32-x64\jre\21.0.8-win32-x86_64\bin\management_ext.dll
0x00007ff91a900000 - 0x00007ff91a908000 	C:\WINDOWS\System32\PSAPI.DLL

JVMTI agents:
c:\Users\Robert\.vscode\extensions\redhat.java-1.47.0-win32-x64\lombok\lombok-1.18.39-4050.jar path:c:\Users\Robert\.vscode\extensions\redhat.java-1.47.0-win32-x64\jre\21.0.8-win32-x86_64\bin\instrument.dll, loaded, initialized, instrumentlib options:none

dbghelp: loaded successfully - version: 4.0.5 - missing functions: none
symbol engine: initialized successfully - sym options: 0x614 - pdb path: .;c:\Users\Robert\.vscode\extensions\redhat.java-1.47.0-win32-x64\jre\21.0.8-win32-x86_64\bin;C:\WINDOWS\SYSTEM32;C:\WINDOWS\WinSxS\amd64_microsoft.windows.common-controls_6595b64144ccf1df_6.0.26100.6899_none_3e0efeeae32e88c1;c:\Users\Robert\.vscode\extensions\redhat.java-1.47.0-win32-x64\jre\21.0.8-win32-x86_64\bin\server;C:\Users\Robert\AppData\Roaming\Code\User\globalStorage\redhat.java\1.47.0\config_win\org.eclipse.equinox.launcher\org.eclipse.equinox.launcher.win32.win32.x86_64_1.2.1400.v20250801-0854

VM Arguments:
jvm_args: --add-modules=ALL-SYSTEM --add-opens=java.base/java.util=ALL-UNNAMED --add-opens=java.base/java.lang=ALL-UNNAMED --add-opens=java.base/sun.nio.fs=ALL-UNNAMED -Declipse.application=org.eclipse.jdt.ls.core.id1 -Dosgi.bundles.defaultStartLevel=4 -Declipse.product=org.eclipse.jdt.ls.core.product -Djava.import.generatesMetadataFilesAtProjectRoot=false -DDetectVMInstallationsJob.disabled=true -Dfile.encoding=utf8 -XX:+UseParallelGC -XX:GCTimeRatio=4 -XX:AdaptiveSizePolicyWeight=90 -Dsun.zip.disableMemoryMapping=true -Xmx2G -Xms100m -Xlog:disable -javaagent:c:\Users\Robert\.vscode\extensions\redhat.java-1.47.0-win32-x64\lombok\lombok-1.18.39-4050.jar -XX:+HeapDumpOnOutOfMemoryError -XX:HeapDumpPath=c:\Users\Robert\AppData\Roaming\Code\User\workspaceStorage\d8c645d83cc7503eccbaafa03610078f\redhat.java -Daether.dependencyCollector.impl=bf 
java_command: c:\Users\Robert\.vscode\extensions\redhat.java-1.47.0-win32-x64\server\plugins\org.eclipse.equinox.launcher_1.7.100.v20251014-1222.jar -configuration c:\Users\Robert\AppData\Roaming\Code\User\globalStorage\redhat.java\1.47.0\config_win -data c:\Users\Robert\AppData\Roaming\Code\User\workspaceStorage\d8c645d83cc7503eccbaafa03610078f\redhat.java\jdt_ws --pipe=\\.\pipe\lsp-bcff5575cad832d552f20b6bc2311bdd-sock
java_class_path (initial): c:\Users\Robert\.vscode\extensions\redhat.java-1.47.0-win32-x64\server\plugins\org.eclipse.equinox.launcher_1.7.100.v20251014-1222.jar
Launcher Type: SUN_STANDARD

[Global flags]
    uintx AdaptiveSizePolicyWeight                 = 90                                        {product} {command line}
     intx CICompilerCount                          = 4                                         {product} {ergonomic}
    uintx GCTimeRatio                              = 4                                         {product} {command line}
     bool HeapDumpOnOutOfMemoryError               = true                                   {manageable} {command line}
    ccstr HeapDumpPath                             = c:\Users\Robert\AppData\Roaming\Code\User\workspaceStorage\d8c645d83cc7503eccbaafa03610078f\redhat.java         {manageable} {command line}
   size_t InitialHeapSize                          = 104857600                                 {product} {command line}
   size_t MaxHeapSize                              = 2147483648                                {product} {command line}
   size_t MaxNewSize                               = 715653120                                 {product} {ergonomic}
   size_t MinHeapDeltaBytes                        = 524288                                    {product} {ergonomic}
   size_t MinHeapSize                              = 104857600                                 {product} {command line}
   size_t NewSize                                  = 34603008                                  {product} {ergonomic}
    uintx NonNMethodCodeHeapSize                   = 5839372                                {pd product} {ergonomic}
    uintx NonProfiledCodeHeapSize                  = 122909434                              {pd product} {ergonomic}
   size_t OldSize                                  = 70254592                                  {product} {ergonomic}
    uintx ProfiledCodeHeapSize                     = 122909434                              {pd product} {ergonomic}
    uintx ReservedCodeCacheSize                    = 251658240                              {pd product} {ergonomic}
     bool SegmentedCodeCache                       = true                                      {product} {ergonomic}
   size_t SoftMaxHeapSize                          = 2147483648                             {manageable} {ergonomic}
     bool UseCompressedOops                        = true                           {product lp64_product} {ergonomic}
     bool UseLargePagesIndividualAllocation        = false                                  {pd product} {ergonomic}
     bool UseParallelGC                            = true                                      {product} {command line}

Logging:
Log output configuration:
 #0: stdout all=off uptime,level,tags foldmultilines=false
 #1: stderr all=off uptime,level,tags foldmultilines=false

Environment Variables:
JAVA_HOME=C:\Program Files\Java\jdk-21
PATH=C:\Users\Robert\bin;C:\Program Files\Git\mingw64\bin;C:\Program Files\Git\usr\local\bin;C:\Program Files\Git\usr\bin;C:\Program Files\Git\usr\bin;C:\Program Files\Git\mingw64\bin;C:\Program Files\Git\usr\bin;C:\Users\Robert\bin;C:\Program Files\Common Files\Oracle\Java\javapath;C:\Program Files (x86)\Common Files\Oracle\Java\java8path;C:\Program Files (x86)\Common Files\Oracle\Java\javapath;C:\Windows\system32;C:\Windows;C:\Windows\System32\Wbem;C:\Windows\System32\WindowsPowerShell\v1.0;C:\Windows\System32\OpenSSH;C:\Program Files (x86)\NVIDIA Corporation\PhysX\Common;C:\Program Files\dotnet;C:\Program Files\NVIDIA Corporation\NVIDIA app\NvDLISR;C:\Program Files\php-8.3.13-Win32-vs16-x64;C:\WINDOWS\system32;C:\WINDOWS;C:\WINDOWS\System32\Wbem;C:\WINDOWS\System32\WindowsPowerShell\v1.0;C:\WINDOWS\System32\OpenSSH;C:\Program Files\nodejs;C:\Program Files\Git\cmd;C:\Users\Robert\AppData\Local\Programs\Python\Launcher;C:\Program Files\MySQL\MySQL Shell 8.0\bin;C:\Users\Robert\Downloads\flutter\bin;C:\Users\Robert\AppData\Local\Microsoft\WindowsApps;C:\Users\Robert\AppData\Local\Programs\Microsoft VS Code\bin;C:\php;C:\Users\Robert\AppData\Roaming\npm;C:\Users\Robert\AMPL;C:\Users\Robert\AMPL\solvers;C:\Program Files\Git\usr\bin\vendor_perl;C:\Program Files\Git\usr\bin\core_perl
USERNAME=Robert
SHELL=C:\Program Files\Git\usr\bin\bash.exe
DISPLAY=needs-to-be-defined
LC_CTYPE=en_US.UTF-8
TERM=xterm
TMPDIR=C:\Users\Robert\AppData\Local\Temp
OS=Windows_NT
PROCESSOR_IDENTIFIER=Intel64 Family 6 Model 186 Stepping 2, GenuineIntel
TMP=C:\Users\Robert\AppData\Local\Temp
TEMP=C:\Users\Robert\AppData\Local\Temp




Periodic native trim disabled

---------------  S Y S T E M  ---------------

OS:
 Windows 11 , 64 bit Build 26100 (10.0.26100.6725)
OS uptime: 4 days 11:49 hours
Hyper-V role detected

CPU: total 12 (initial active 12) (6 cores per cpu, 2 threads per core) family 6 model 186 stepping 2 microcode 0x5103, cx8, cmov, fxsr, ht, mmx, 3dnowpref, sse, sse2, sse3, ssse3, sse4.1, sse4.2, popcnt, lzcnt, tsc, tscinvbit, avx, avx2, aes, erms, clmul, bmi1, bmi2, adx, sha, fma, vzeroupper, clflush, clflushopt, clwb, hv, serialize, rdtscp, rdpid, fsrm, f16c, cet_ibt, cet_ss
Processor Information for processor 0
  Max Mhz: 2100, Current Mhz: 2100, Mhz Limit: 2100
Processor Information for processor 1
  Max Mhz: 2100, Current Mhz: 2100, Mhz Limit: 2100
Processor Information for processor 2
  Max Mhz: 2100, Current Mhz: 2100, Mhz Limit: 2100
Processor Information for processor 3
  Max Mhz: 2100, Current Mhz: 2100, Mhz Limit: 2100
Processor Information for processor 4
  Max Mhz: 2100, Current Mhz: 2100, Mhz Limit: 2100
Processor Information for processor 5
  Max Mhz: 2100, Current Mhz: 2100, Mhz Limit: 2100
Processor Information for processor 6
  Max Mhz: 2100, Current Mhz: 2100, Mhz Limit: 2100
Processor Information for processor 7
  Max Mhz: 2100, Current Mhz: 2100, Mhz Limit: 2100
Processor Information for processor 8
  Max Mhz: 2100, Current Mhz: 2100, Mhz Limit: 2100
Processor Information for processor 9
  Max Mhz: 2100, Current Mhz: 1540, Mhz Limit: 2100
Processor Information for processor 10
  Max Mhz: 2100, Current Mhz: 2100, Mhz Limit: 2100
Processor Information for processor 11
  Max Mhz: 2100, Current Mhz: 2100, Mhz Limit: 2100

Memory: 4k page, system-wide physical 7895M (7M free)
TotalPageFile size 32471M (AvailPageFile size 39M)
current process WorkingSet (physical memory assigned to process): 142M, peak: 149M
current process commit charge ("private bytes"): 296M, peak: 303M

vm_info: OpenJDK 64-Bit Server VM (21.0.8+9-LTS) for windows-amd64 JRE (21.0.8+9-LTS), built on 2025-07-15T00:00:00Z by "admin" with MS VC++ 17.7 (VS2022)

END.
